<?xml version="1.0" encoding="UTF-8"?>
<!-- Generated by org.testng.reporters.JUnitReportReporter -->
<testsuite hostname="LAPTOP-K8PVREI3" failures="0" tests="1" name="github_Test.SampleTest" time="43.492" errors="0" timestamp="2023-06-19T15:43:10 IST" skipped="0">
  <testcase classname="github_Test.SampleTest" name="sampleTest" time="43.492"/>
  <system-out/>
</testsuite> <!-- github_Test.SampleTest -->
