<?xml version="1.0" encoding="UTF-8"?>
<!-- Generated by org.testng.reporters.JUnitReportReporter -->
<testsuite hostname="LAPTOP-K8PVREI3" failures="0" tests="1" name="github_Test.SampleTest" time="0.008" errors="0" timestamp="2023-06-19T12:11:58 IST" skipped="0">
  <testcase classname="github_Test.SampleTest" name="sampleTest" time="0.008"/>
  <system-out/>
</testsuite> <!-- github_Test.SampleTest -->
